Flutter crash report.
Please report a bug at https://github.com/flutter/flutter/issues.

## command

flutter --quiet assemble --no-version-check --depfile D:\flutter project\x_positron\build\app\intermediates\flutter\debug/flutter_build.d --output D:\flutter project\x_positron\build\app\intermediates\flutter\debug -dTargetFile=D:\flutter project\x_positron\lib\main.dart -dTargetPlatform=android -dBuildMode=debug -dTrackWidgetCreation=true --DartDefines=Zmx1dHRlci5pbnNwZWN0b3Iuc3RydWN0dXJlZEVycm9ycz10cnVl,RkxVVFRFUl9XRUJfQVVUT19ERVRFQ1Q9dHJ1ZQ== debug_android_application

## exception

FileSystemException: FileSystemException: Cannot open file, path = 'D:\flutter-sdk\version' (OS Error: The process cannot access the file because it is being used by another process.
, errno = 32)

```
#0      _File.throwIfError (dart:io/file_impl.dart:635:7)
#1      _File.openSync (dart:io/file_impl.dart:479:5)
#2      _File.writeAsBytesSync (dart:io/file_impl.dart:604:31)
#3      _File.writeAsStringSync (dart:io/file_impl.dart:628:5)
#4      ForwardingFile.writeAsStringSync (package:file/src/forwarding/forwarding_file.dart:147:16)
#5      ErrorHandlingFile.writeAsStringSync.<anonymous closure> (package:flutter_tools/src/base/error_handling_io.dart:271:22)
#6      _runSync (package:flutter_tools/src/base/error_handling_io.dart:597:14)
#7      ErrorHandlingFile.writeAsStringSync (package:flutter_tools/src/base/error_handling_io.dart:270:5)
#8      FlutterVersion.ensureVersionFile (package:flutter_tools/src/version.dart:153:74)
#9      FlutterCommandRunner.runCommand.<anonymous closure> (package:flutter_tools/src/runner/flutter_command_runner.dart:251:32)
#10     FlutterCommandRunner.runCommand.<anonymous closure> (package:flutter_tools/src/runner/flutter_command_runner.dart:240:13)
#11     AppContext.run.<anonymous closure> (package:flutter_tools/src/base/context.dart:150:29)
#12     AppContext.run.<anonymous closure> (package:flutter_tools/src/base/context.dart:150:7)
#13     _rootRun (dart:async/zone.dart:1428:13)
#14     _CustomZone.run (dart:async/zone.dart:1328:19)
#15     _runZoned (dart:async/zone.dart:1863:10)
#16     runZoned (dart:async/zone.dart:1785:10)
#17     AppContext.run (package:flutter_tools/src/base/context.dart:149:12)
#18     FlutterCommandRunner.runCommand (package:flutter_tools/src/runner/flutter_command_runner.dart:236:19)
<asynchronous suspension>
#19     run.<anonymous closure>.<anonymous closure> (package:flutter_tools/runner.dart:62:9)
<asynchronous suspension>
#20     AppContext.run.<anonymous closure> (package:flutter_tools/src/base/context.dart:150:19)
<asynchronous suspension>
#21     main (package:flutter_tools/executable.dart:92:3)
<asynchronous suspension>
```

## flutter doctor

```
[✓] Flutter (Channel stable, 2.5.3, on Microsoft Windows [Version 6.1.7601], locale en-US)
    • Flutter version 2.5.3 at D:\flutter-sdk
    • Upstream repository https://github.com/flutter/flutter.git
    • Framework revision 18116933e7 (4 months ago), 2021-10-15 10:46:35 -0700
    • Engine revision d3ea636dc5
    • Dart version 2.14.4

[✓] Android toolchain - develop for Android devices (Android SDK version 30.0.3)
    • Android SDK at C:\Users\Bcc\AppData\Local\Android\Sdk
    • Platform android-31, build-tools 30.0.3
    • ANDROID_HOME = C:\Users\Bcc\AppData\Local\Android\Sdk
    • Java binary at: C:\Program Files\Android\Android Studio\jre\bin\java
    • Java version OpenJDK Runtime Environment (build 11.0.8+10-b944.6842174)
    • All Android licenses accepted.

[✓] Chrome - develop for the web
    • Chrome at C:\Program Files (x86)\Google\Chrome\Application\chrome.exe

[✓] Android Studio (version 4.2)
    • Android Studio at C:\Program Files\Android\Android Studio
    • Flutter plugin can be installed from:
      🔨 https://plugins.jetbrains.com/plugin/9212-flutter
    • Dart plugin can be installed from:
      🔨 https://plugins.jetbrains.com/plugin/6351-dart
    • Java version OpenJDK Runtime Environment (build 11.0.8+10-b944.6842174)

[✓] VS Code
    • VS Code at C:\Users\Bcc\AppData\Local\Programs\Microsoft VS Code
    • Flutter extension version 3.34.0

[✓] VS Code, 64-bit edition (version 1.60.2)
    • VS Code at C:\Program Files\Microsoft VS Code
    • Flutter extension version 3.34.0

[✓] Connected device (2 available)
    • SM J600F (mobile) • 520005754a1b953f • android-arm    • Android 10 (API 29)
    • Chrome (web)      • chrome           • web-javascript • Google Chrome 98.0.4758.102

• No issues found!
```
